2025-07-09 14:49:42,921 - risk_api - ERROR - Failed to load model: list indices must be integers or slices, not str
2025-07-09 14:50:30,386 - risk_api - INFO - Model loaded successfully
2025-07-09 14:50:30,386 - risk_api - INFO - Model type: RandomForestClassifier
2025-07-09 14:50:30,386 - risk_api - INFO - Features count: Using API schema
2025-07-09 14:53:27,926 - risk_api - INFO - Model loaded successfully
2025-07-09 14:53:27,926 - risk_api - INFO - Model type: RandomForestClassifier
2025-07-09 14:53:27,926 - risk_api - INFO - Features count: 12
2025-07-09 14:53:54,500 - risk_api - INFO - Request received - ID: a0509387-9a18-49e2-80c8-642a1a2f69b4
2025-07-09 14:53:54,500 - risk_api - INFO - Input features - ID: a0509387-9a18-49e2-80c8-642a1a2f69b4 - {'avg_tx_amount': 500.0, 'device_change_freq': 0.05, 'tx_hour': 14, 'location_change_freq': 0.15, 'is_new_device': 0, 'transaction_count_24h': 5, 'time_since_last_tx': 2.5, 'tx_amount_to_balance_ratio': 0.15, 'ip_address_reputation': 0.85, 'is_weekend': 1, 'transaction_velocity_10min': 2, 'country_change_flag': 0}
2025-07-09 14:53:54,516 - risk_api - INFO - Prediction output - ID: a0509387-9a18-49e2-80c8-642a1a2f69b4 - Risk Score: 0.7381, Risk Flag: legit, Probability Distribution: [0.07034704 0.7381004  0.19155256]
2025-07-09 14:56:34,904 - __main__ - INFO - Model loaded successfully
2025-07-09 14:56:34,904 - __main__ - INFO - Model type: RandomForestClassifier
2025-07-09 14:56:34,905 - __main__ - INFO - Features count: 12
2025-07-09 14:56:36,532 - __mp_main__ - INFO - Model loaded successfully
2025-07-09 14:56:36,533 - __mp_main__ - INFO - Model type: RandomForestClassifier
2025-07-09 14:56:36,533 - __mp_main__ - INFO - Features count: 12
2025-07-09 14:56:36,590 - risk_api - INFO - Model loaded successfully
2025-07-09 14:56:36,591 - risk_api - INFO - Model type: RandomForestClassifier
2025-07-09 14:56:36,591 - risk_api - INFO - Features count: 12
2025-07-09 14:57:06,961 - __mp_main__ - INFO - Model loaded successfully
2025-07-09 14:57:06,961 - __mp_main__ - INFO - Model type: RandomForestClassifier
2025-07-09 14:57:06,961 - __mp_main__ - INFO - Features count: 12
2025-07-09 14:57:07,013 - risk_api - INFO - Model loaded successfully
2025-07-09 14:57:07,014 - risk_api - INFO - Model type: RandomForestClassifier
2025-07-09 14:57:07,014 - risk_api - INFO - Features count: 12
2025-07-09 14:57:31,562 - risk_api - INFO - Model loaded successfully
2025-07-09 14:57:31,563 - risk_api - INFO - Model type: RandomForestClassifier
2025-07-09 14:57:31,563 - risk_api - INFO - Features count: 12
2025-07-09 14:57:58,370 - risk_api - INFO - Request received - ID: ead84ae3-d171-493a-a813-687d73a0140c
2025-07-09 14:57:58,371 - risk_api - INFO - Input features - ID: ead84ae3-d171-493a-a813-687d73a0140c - {'avg_tx_amount': 876.9536209747141, 'device_change_freq': 0.05, 'tx_hour': 12, 'location_change_freq': 0.005012024306910274, 'is_new_device': 0, 'transaction_count_24h': 12, 'time_since_last_tx': 2.5, 'tx_amount_to_balance_ratio': 0.0421071382506873, 'ip_address_reputation': 0.7131512920594351, 'is_weekend': 0, 'transaction_velocity_10min': 12, 'country_change_flag': 0}
2025-07-09 14:57:58,379 - risk_api - INFO - Prediction output - ID: ead84ae3-d171-493a-a813-687d73a0140c - Risk Score: 0.9673, Risk Flag: suspicious, Probability Distribution: [7.41135670e-04 3.19595580e-02 9.67299306e-01]
2025-07-09 14:57:58,381 - risk_api - INFO - Request received - ID: 83c59915-b6f9-4d3d-b121-7e183cb7948e
2025-07-09 14:57:58,382 - risk_api - INFO - Input features - ID: 83c59915-b6f9-4d3d-b121-7e183cb7948e - {'avg_tx_amount': 92.13236995801336, 'device_change_freq': 0.05, 'tx_hour': 9, 'location_change_freq': 0.00120299767785464, 'is_new_device': 0, 'transaction_count_24h': 14, 'time_since_last_tx': 2.5, 'tx_amount_to_balance_ratio': 0.0021952941031602, 'ip_address_reputation': 0.864170209773062, 'is_weekend': 1, 'transaction_velocity_10min': 14, 'country_change_flag': 0}
2025-07-09 14:57:58,389 - risk_api - INFO - Prediction output - ID: 83c59915-b6f9-4d3d-b121-7e183cb7948e - Risk Score: 0.9751, Risk Flag: suspicious, Probability Distribution: [1.58038862e-04 2.47785143e-02 9.75063447e-01]
2025-07-09 14:57:58,391 - risk_api - INFO - Request received - ID: 09e946ea-8b9a-4a13-ae55-d5b6201ccef0
2025-07-09 14:57:58,391 - risk_api - INFO - Input features - ID: 09e946ea-8b9a-4a13-ae55-d5b6201ccef0 - {'avg_tx_amount': 396.0050627518858, 'device_change_freq': 0.05, 'tx_hour': 2, 'location_change_freq': 0.016521304616749825, 'is_new_device': 0, 'transaction_count_24h': 10, 'time_since_last_tx': 2.5, 'tx_amount_to_balance_ratio': 0.0155928913834745, 'ip_address_reputation': 0.9804516099238768, 'is_weekend': 0, 'transaction_velocity_10min': 10, 'country_change_flag': 0}
2025-07-09 14:57:58,399 - risk_api - INFO - Prediction output - ID: 09e946ea-8b9a-4a13-ae55-d5b6201ccef0 - Risk Score: 0.9878, Risk Flag: suspicious, Probability Distribution: [0.00228207 0.00990333 0.9878146 ]
2025-07-09 14:57:58,401 - risk_api - INFO - Request received - ID: 3f473b6d-5ed3-4ebe-b29a-be945b1a2f32
2025-07-09 14:57:58,401 - risk_api - INFO - Input features - ID: 3f473b6d-5ed3-4ebe-b29a-be945b1a2f32 - {'avg_tx_amount': 178.66811697891444, 'device_change_freq': 0.05, 'tx_hour': 12, 'location_change_freq': 0.034154495864102644, 'is_new_device': 0, 'transaction_count_24h': 13, 'time_since_last_tx': 2.5, 'tx_amount_to_balance_ratio': 0.0044536237569769, 'ip_address_reputation': 0.834557393974612, 'is_weekend': 1, 'transaction_velocity_10min': 12, 'country_change_flag': 0}
2025-07-09 14:57:58,408 - risk_api - INFO - Prediction output - ID: 3f473b6d-5ed3-4ebe-b29a-be945b1a2f32 - Risk Score: 0.9626, Risk Flag: suspicious, Probability Distribution: [0.         0.03737857 0.96262143]
2025-07-09 14:57:58,410 - risk_api - INFO - Request received - ID: b0aec435-ff38-4866-8e36-155f9b714982
2025-07-09 14:57:58,410 - risk_api - INFO - Input features - ID: b0aec435-ff38-4866-8e36-155f9b714982 - {'avg_tx_amount': 489.184651365568, 'device_change_freq': 0.05, 'tx_hour': 12, 'location_change_freq': 0.0011714596148728485, 'is_new_device': 0, 'transaction_count_24h': 18, 'time_since_last_tx': 2.5, 'tx_amount_to_balance_ratio': 0.079571885970414, 'ip_address_reputation': 0.8883457376113446, 'is_weekend': 0, 'transaction_velocity_10min': 18, 'country_change_flag': 0}
2025-07-09 14:57:58,418 - risk_api - INFO - Prediction output - ID: b0aec435-ff38-4866-8e36-155f9b714982 - Risk Score: 0.9597, Risk Flag: suspicious, Probability Distribution: [0.00176916 0.03851045 0.95972039]
2025-07-09 14:57:58,420 - risk_api - INFO - Request received - ID: 907e981c-8a60-40a5-b5c6-77e55af7a442
2025-07-09 14:57:58,420 - risk_api - INFO - Input features - ID: 907e981c-8a60-40a5-b5c6-77e55af7a442 - {'avg_tx_amount': 491.8793759303545, 'device_change_freq': 0.05, 'tx_hour': 17, 'location_change_freq': 0.011872603302333615, 'is_new_device': 0, 'transaction_count_24h': 4, 'time_since_last_tx': 2.5, 'tx_amount_to_balance_ratio': 0.1359586356184212, 'ip_address_reputation': 0.8261884477249328, 'is_weekend': 0, 'transaction_velocity_10min': 4, 'country_change_flag': 0}
2025-07-09 14:57:58,427 - risk_api - INFO - Prediction output - ID: 907e981c-8a60-40a5-b5c6-77e55af7a442 - Risk Score: 0.9966, Risk Flag: legit, Probability Distribution: [0.         0.99656414 0.00343586]
2025-07-09 14:57:58,429 - risk_api - INFO - Request received - ID: ef646ffd-f0cb-4b08-8d3e-94f2411f87c9
2025-07-09 14:57:58,429 - risk_api - INFO - Input features - ID: ef646ffd-f0cb-4b08-8d3e-94f2411f87c9 - {'avg_tx_amount': 389.2662913239138, 'device_change_freq': 0.05, 'tx_hour': 0, 'location_change_freq': 0.009998879554578264, 'is_new_device': 0, 'transaction_count_24h': 5, 'time_since_last_tx': 2.5, 'tx_amount_to_balance_ratio': 0.0157447415019889, 'ip_address_reputation': 0.7429234209426117, 'is_weekend': 1, 'transaction_velocity_10min': 5, 'country_change_flag': 0}
2025-07-09 14:57:58,437 - risk_api - INFO - Prediction output - ID: ef646ffd-f0cb-4b08-8d3e-94f2411f87c9 - Risk Score: 0.9889, Risk Flag: suspicious, Probability Distribution: [0.         0.01110329 0.98889671]
2025-07-09 14:57:58,439 - risk_api - INFO - Request received - ID: 01972a84-17ea-4f30-b995-eb6fd2c92bb5
2025-07-09 14:57:58,439 - risk_api - INFO - Input features - ID: 01972a84-17ea-4f30-b995-eb6fd2c92bb5 - {'avg_tx_amount': 438.9228384506615, 'device_change_freq': 0.05, 'tx_hour': 2, 'location_change_freq': 0.018452623971597876, 'is_new_device': 0, 'transaction_count_24h': 13, 'time_since_last_tx': 2.5, 'tx_amount_to_balance_ratio': 0.0418083503653934, 'ip_address_reputation': 0.7585412822871809, 'is_weekend': 0, 'transaction_velocity_10min': 13, 'country_change_flag': 0}
2025-07-09 14:57:58,446 - risk_api - INFO - Prediction output - ID: 01972a84-17ea-4f30-b995-eb6fd2c92bb5 - Risk Score: 0.9860, Risk Flag: suspicious, Probability Distribution: [4.42244606e-04 1.35134685e-02 9.86044287e-01]
2025-07-09 14:57:58,449 - risk_api - INFO - Request received - ID: 48db7425-c0e3-4d65-960c-20f77801fad7
2025-07-09 14:57:58,449 - risk_api - INFO - Input features - ID: 48db7425-c0e3-4d65-960c-20f77801fad7 - {'avg_tx_amount': 308.45707177752536, 'device_change_freq': 0.05, 'tx_hour': 10, 'location_change_freq': 0.01802971656178516, 'is_new_device': 0, 'transaction_count_24h': 1, 'time_since_last_tx': 2.5, 'tx_amount_to_balance_ratio': 0.0081449964739465, 'ip_address_reputation': 0.7954195835762765, 'is_weekend': 0, 'transaction_velocity_10min': 1, 'country_change_flag': 0}
2025-07-09 14:57:58,457 - risk_api - INFO - Prediction output - ID: 48db7425-c0e3-4d65-960c-20f77801fad7 - Risk Score: 1.0000, Risk Flag: legit, Probability Distribution: [0. 1. 0.]
2025-07-09 14:57:58,459 - risk_api - INFO - Request received - ID: 2e7f533d-9010-4e6f-9edf-068d125d06c1
2025-07-09 14:57:58,459 - risk_api - INFO - Input features - ID: 2e7f533d-9010-4e6f-9edf-068d125d06c1 - {'avg_tx_amount': 106.65609989680593, 'device_change_freq': 0.05, 'tx_hour': 22, 'location_change_freq': 0.004428337315989771, 'is_new_device': 0, 'transaction_count_24h': 6, 'time_since_last_tx': 2.5, 'tx_amount_to_balance_ratio': 0.0041596141054697, 'ip_address_reputation': 0.9849265791492036, 'is_weekend': 1, 'transaction_velocity_10min': 6, 'country_change_flag': 0}
2025-07-09 14:57:58,466 - risk_api - INFO - Prediction output - ID: 2e7f533d-9010-4e6f-9edf-068d125d06c1 - Risk Score: 0.9793, Risk Flag: suspicious, Probability Distribution: [0.00275237 0.01797562 0.979272  ]
2025-07-09 14:57:58,468 - risk_api - INFO - Request received - ID: b36c77d6-2504-40cf-aa6c-b01b2fff813b
2025-07-09 14:57:58,468 - risk_api - INFO - Input features - ID: b36c77d6-2504-40cf-aa6c-b01b2fff813b - {'avg_tx_amount': 69.12904210192877, 'device_change_freq': 0.05, 'tx_hour': 12, 'location_change_freq': 0.006657331278407936, 'is_new_device': 0, 'transaction_count_24h': 0, 'time_since_last_tx': 2.5, 'tx_amount_to_balance_ratio': 0.0026771743651266, 'ip_address_reputation': 0.7665972778856586, 'is_weekend': 1, 'transaction_velocity_10min': 0, 'country_change_flag': 0}
2025-07-09 14:57:58,476 - risk_api - INFO - Prediction output - ID: b36c77d6-2504-40cf-aa6c-b01b2fff813b - Risk Score: 1.0000, Risk Flag: legit, Probability Distribution: [0.00000000e+00 9.99997225e-01 2.77473494e-06]
2025-07-09 14:57:58,478 - risk_api - INFO - Request received - ID: 88f39d33-05a1-44dd-9ef4-65decb2304ee
2025-07-09 14:57:58,478 - risk_api - INFO - Input features - ID: 88f39d33-05a1-44dd-9ef4-65decb2304ee - {'avg_tx_amount': 445.93046323501983, 'device_change_freq': 0.05, 'tx_hour': 19, 'location_change_freq': 0.011790965487668434, 'is_new_device': 0, 'transaction_count_24h': 6, 'time_since_last_tx': 2.5, 'tx_amount_to_balance_ratio': 0.0115192277536787, 'ip_address_reputation': 0.9678136958427176, 'is_weekend': 0, 'transaction_velocity_10min': 6, 'country_change_flag': 0}
2025-07-09 14:57:58,485 - risk_api - INFO - Prediction output - ID: 88f39d33-05a1-44dd-9ef4-65decb2304ee - Risk Score: 0.9633, Risk Flag: suspicious, Probability Distribution: [0.0045643  0.03212278 0.96331292]
2025-07-09 14:57:58,487 - risk_api - INFO - Request received - ID: 387c17ea-3b12-4c50-ba87-df9ef5997188
2025-07-09 14:57:58,487 - risk_api - INFO - Input features - ID: 387c17ea-3b12-4c50-ba87-df9ef5997188 - {'avg_tx_amount': 80.1603836142031, 'device_change_freq': 0.05, 'tx_hour': 12, 'location_change_freq': 0.0014930338428934629, 'is_new_device': 0, 'transaction_count_24h': 1, 'time_since_last_tx': 2.5, 'tx_amount_to_balance_ratio': 0.0026012819150054, 'ip_address_reputation': 0.858748210540557, 'is_weekend': 1, 'transaction_velocity_10min': 1, 'country_change_flag': 0}
2025-07-09 14:57:58,495 - risk_api - INFO - Prediction output - ID: 387c17ea-3b12-4c50-ba87-df9ef5997188 - Risk Score: 1.0000, Risk Flag: legit, Probability Distribution: [0.00000000e+00 9.99997225e-01 2.77473494e-06]
2025-07-09 14:57:58,497 - risk_api - INFO - Request received - ID: 071228a7-ee41-4d4d-8a8c-2b816e270b94
2025-07-09 14:57:58,497 - risk_api - INFO - Input features - ID: 071228a7-ee41-4d4d-8a8c-2b816e270b94 - {'avg_tx_amount': 233.0839372547176, 'device_change_freq': 0.05, 'tx_hour': 22, 'location_change_freq': 0.0019664989995612846, 'is_new_device': 0, 'transaction_count_24h': 2, 'time_since_last_tx': 2.5, 'tx_amount_to_balance_ratio': 0.0273500799071293, 'ip_address_reputation': 0.9563223305688102, 'is_weekend': 1, 'transaction_velocity_10min': 2, 'country_change_flag': 0}
2025-07-09 14:57:58,504 - risk_api - INFO - Prediction output - ID: 071228a7-ee41-4d4d-8a8c-2b816e270b94 - Risk Score: 1.0000, Risk Flag: legit, Probability Distribution: [0.00000000e+00 9.99988301e-01 1.16991752e-05]
2025-07-09 14:57:58,506 - risk_api - INFO - Request received - ID: 8691ca8f-9e32-4610-8101-ab579e66c0be
2025-07-09 14:57:58,506 - risk_api - INFO - Input features - ID: 8691ca8f-9e32-4610-8101-ab579e66c0be - {'avg_tx_amount': 159.7208778038788, 'device_change_freq': 0.05, 'tx_hour': 15, 'location_change_freq': 0.003818187917163693, 'is_new_device': 0, 'transaction_count_24h': 6, 'time_since_last_tx': 2.5, 'tx_amount_to_balance_ratio': 0.0051624469633944, 'ip_address_reputation': 0.915180632346588, 'is_weekend': 1, 'transaction_velocity_10min': 6, 'country_change_flag': 0}
2025-07-09 14:57:58,513 - risk_api - INFO - Prediction output - ID: 8691ca8f-9e32-4610-8101-ab579e66c0be - Risk Score: 0.9734, Risk Flag: suspicious, Probability Distribution: [3.67079926e-04 2.62442714e-02 9.73388649e-01]
2025-07-09 14:57:58,515 - risk_api - INFO - Request received - ID: 6ab7a455-744e-4175-af2c-195f511adeae
2025-07-09 14:57:58,515 - risk_api - INFO - Input features - ID: 6ab7a455-744e-4175-af2c-195f511adeae - {'avg_tx_amount': 226.3321395562677, 'device_change_freq': 0.05, 'tx_hour': 21, 'location_change_freq': 0.011730620634938774, 'is_new_device': 0, 'transaction_count_24h': 1, 'time_since_last_tx': 2.5, 'tx_amount_to_balance_ratio': 0.0068245337890312, 'ip_address_reputation': 0.8506009015812119, 'is_weekend': 1, 'transaction_velocity_10min': 1, 'country_change_flag': 0}
2025-07-09 14:57:58,523 - risk_api - INFO - Prediction output - ID: 6ab7a455-744e-4175-af2c-195f511adeae - Risk Score: 1.0000, Risk Flag: legit, Probability Distribution: [0.00000000e+00 9.99997225e-01 2.77473494e-06]
2025-07-09 14:57:58,524 - risk_api - INFO - Request received - ID: 5cf22749-6e0d-4a6e-9f1f-129e618ea108
2025-07-09 14:57:58,524 - risk_api - INFO - Input features - ID: 5cf22749-6e0d-4a6e-9f1f-129e618ea108 - {'avg_tx_amount': 4896.162483636656, 'device_change_freq': 0.05, 'tx_hour': 17, 'location_change_freq': 0.07829432608570222, 'is_new_device': 1, 'transaction_count_24h': 1, 'time_since_last_tx': 2.5, 'tx_amount_to_balance_ratio': 0.9971639178734746, 'ip_address_reputation': 0.2913453093831772, 'is_weekend': 0, 'transaction_velocity_10min': 1, 'country_change_flag': 1}
2025-07-09 14:57:58,531 - risk_api - INFO - Prediction output - ID: 5cf22749-6e0d-4a6e-9f1f-129e618ea108 - Risk Score: 0.7806, Risk Flag: fraud, Probability Distribution: [0.78061991 0.00494685 0.21443324]
2025-07-09 14:57:58,533 - risk_api - INFO - Request received - ID: dbf86519-215d-4e4d-9ab1-3d8285061f55
2025-07-09 14:57:58,533 - risk_api - INFO - Input features - ID: dbf86519-215d-4e4d-9ab1-3d8285061f55 - {'avg_tx_amount': 686.7409849276971, 'device_change_freq': 0.05, 'tx_hour': 13, 'location_change_freq': 0.005035212233108142, 'is_new_device': 0, 'transaction_count_24h': 23, 'time_since_last_tx': 2.5, 'tx_amount_to_balance_ratio': 0.0280323339659081, 'ip_address_reputation': 0.8140763881821825, 'is_weekend': 0, 'transaction_velocity_10min': 23, 'country_change_flag': 0}
2025-07-09 14:57:58,542 - risk_api - INFO - Prediction output - ID: dbf86519-215d-4e4d-9ab1-3d8285061f55 - Risk Score: 0.9453, Risk Flag: suspicious, Probability Distribution: [0.01885795 0.03586352 0.94527853]
2025-07-09 14:57:58,543 - risk_api - INFO - Request received - ID: d6015850-c1b7-4497-8604-8a810ce3f1ee
2025-07-09 14:57:58,543 - risk_api - INFO - Input features - ID: d6015850-c1b7-4497-8604-8a810ce3f1ee - {'avg_tx_amount': 388.87914960326407, 'device_change_freq': 0.05, 'tx_hour': 0, 'location_change_freq': 0.01571372872265592, 'is_new_device': 0, 'transaction_count_24h': 27, 'time_since_last_tx': 2.5, 'tx_amount_to_balance_ratio': 0.0327753181551347, 'ip_address_reputation': 0.786116673133862, 'is_weekend': 1, 'transaction_velocity_10min': 27, 'country_change_flag': 0}
2025-07-09 14:57:58,551 - risk_api - INFO - Prediction output - ID: d6015850-c1b7-4497-8604-8a810ce3f1ee - Risk Score: 0.9947, Risk Flag: suspicious, Probability Distribution: [0.         0.00528574 0.99471426]
2025-07-09 14:57:58,553 - risk_api - INFO - Request received - ID: 648885ae-9746-4b77-9bd2-343712e217c1
2025-07-09 14:57:58,553 - risk_api - INFO - Input features - ID: 648885ae-9746-4b77-9bd2-343712e217c1 - {'avg_tx_amount': 152.9869402229473, 'device_change_freq': 0.05, 'tx_hour': 10, 'location_change_freq': 0.010746413743988036, 'is_new_device': 0, 'transaction_count_24h': 24, 'time_since_last_tx': 2.5, 'tx_amount_to_balance_ratio': 0.0066439239295493, 'ip_address_reputation': 0.7605398063198812, 'is_weekend': 0, 'transaction_velocity_10min': 24, 'country_change_flag': 0}
2025-07-09 14:57:58,561 - risk_api - INFO - Prediction output - ID: 648885ae-9746-4b77-9bd2-343712e217c1 - Risk Score: 0.9617, Risk Flag: suspicious, Probability Distribution: [0.00102803 0.03724036 0.96173162]
2025-07-09 14:57:58,563 - risk_api - INFO - Request received - ID: 1bed5507-3751-44fd-b22f-7eab1ec0df76
2025-07-09 14:57:58,563 - risk_api - INFO - Input features - ID: 1bed5507-3751-44fd-b22f-7eab1ec0df76 - {'avg_tx_amount': 20.0, 'device_change_freq': 0.0, 'tx_hour': 0, 'location_change_freq': 0.0, 'is_new_device': 0, 'transaction_count_24h': 0, 'time_since_last_tx': 0.0, 'tx_amount_to_balance_ratio': 0.0, 'ip_address_reputation': 0.0, 'is_weekend': 0, 'transaction_velocity_10min': 0, 'country_change_flag': 0}
2025-07-09 14:57:58,570 - risk_api - INFO - Prediction output - ID: 1bed5507-3751-44fd-b22f-7eab1ec0df76 - Risk Score: 0.5196, Risk Flag: suspicious, Probability Distribution: [0.08796032 0.39248937 0.51955031]
2025-07-09 14:57:58,572 - risk_api - INFO - Request received - ID: 59403d2e-e9a7-41a7-8984-704ac03dd284
2025-07-09 14:57:58,572 - risk_api - INFO - Input features - ID: 59403d2e-e9a7-41a7-8984-704ac03dd284 - {'avg_tx_amount': 10000.0, 'device_change_freq': 1.0, 'tx_hour': 23, 'location_change_freq': 1.0, 'is_new_device': 1, 'transaction_count_24h': 100, 'time_since_last_tx': 168.0, 'tx_amount_to_balance_ratio': 1.0, 'ip_address_reputation': 1.0, 'is_weekend': 1, 'transaction_velocity_10min': 50, 'country_change_flag': 1}
2025-07-09 14:57:58,580 - risk_api - INFO - Prediction output - ID: 59403d2e-e9a7-41a7-8984-704ac03dd284 - Risk Score: 0.5600, Risk Flag: suspicious, Probability Distribution: [0.41 0.03 0.56]
2025-07-09 14:57:58,582 - risk_api - INFO - Request received - ID: 0fa0e8ac-8c6b-420c-9cde-4cc0e4fdb4ee
2025-07-09 14:57:58,582 - risk_api - INFO - Input features - ID: 0fa0e8ac-8c6b-420c-9cde-4cc0e4fdb4ee - {'avg_tx_amount': 5000.0, 'device_change_freq': 0.8, 'tx_hour': 3, 'location_change_freq': 0.9, 'is_new_device': 1, 'transaction_count_24h': 20, 'time_since_last_tx': 0.1, 'tx_amount_to_balance_ratio': 0.9, 'ip_address_reputation': 0.1, 'is_weekend': 1, 'transaction_velocity_10min': 10, 'country_change_flag': 1}
2025-07-09 14:57:58,589 - risk_api - INFO - Prediction output - ID: 0fa0e8ac-8c6b-420c-9cde-4cc0e4fdb4ee - Risk Score: 0.7788, Risk Flag: fraud, Probability Distribution: [0.77882993 0.         0.22117007]
2025-07-09 14:58:38,478 - __main__ - INFO - Model loaded successfully
2025-07-09 14:58:38,478 - __main__ - INFO - Model type: RandomForestClassifier
2025-07-09 14:58:38,478 - __main__ - INFO - Features count: 12
2025-07-09 14:58:40,137 - __mp_main__ - INFO - Model loaded successfully
2025-07-09 14:58:40,138 - __mp_main__ - INFO - Model type: RandomForestClassifier
2025-07-09 14:58:40,138 - __mp_main__ - INFO - Features count: 12
2025-07-09 14:58:40,208 - risk_api - INFO - Model loaded successfully
2025-07-09 14:58:40,208 - risk_api - INFO - Model type: RandomForestClassifier
2025-07-09 14:58:40,208 - risk_api - INFO - Features count: 12
