2025-06-25 23:57:51,694 - INFO - Starting comprehensive behavioral data generation
2025-06-25 23:57:51,694 - INFO - Generating data for 1000 normal users
2025-06-25 23:58:01,042 - INFO - Generating data for 100 anomalous users
2025-06-25 23:58:01,701 - INFO - Generated 51150 total transactions
2025-06-25 23:58:03,017 - INFO - Dataset saved successfully to files/synthetic_behavioral_dataset.csv
2025-06-25 23:58:03,018 - INFO - Dataset shape: (51150, 32)
2025-06-25 23:58:03,046 - INFO - Risk label distribution:
risk_label
suspicious    35867
legit         14452
fraud           831
Name: count, dtype: int64
2025-06-25 23:58:03,047 - INFO - Risk flag distribution:
risk_flag_manual
1    36698
0    14452
Name: count, dtype: int64
2025-06-25 23:58:03,049 - INFO - Risk label proportions:
2025-06-25 23:58:03,049 - INFO -   suspicious: 70.12%
2025-06-25 23:58:03,049 - INFO -   legit: 28.25%
2025-06-25 23:58:03,049 - INFO -   fraud: 1.62%
2025-06-25 23:58:03,049 - INFO - Generating data quality report
